                                      1 ;--------------------------------------------------------
                                      2 ; File Created by SDCC : free open source ANSI-C Compiler
                                      3 ; Version 4.0.0 #11528 (Linux)
                                      4 ;--------------------------------------------------------
                                      5 	.module stm8s_clk
                                      6 	.optsdcc -mstm8
                                      7 	
                                      8 ;--------------------------------------------------------
                                      9 ; Public variables in this module
                                     10 ;--------------------------------------------------------
                                     11 	.globl _CLKPrescTable
                                     12 	.globl _HSIDivFactor
                                     13 	.globl _CLK_DeInit
                                     14 	.globl _CLK_FastHaltWakeUpCmd
                                     15 	.globl _CLK_HSECmd
                                     16 	.globl _CLK_HSICmd
                                     17 	.globl _CLK_LSICmd
                                     18 	.globl _CLK_CCOCmd
                                     19 	.globl _CLK_ClockSwitchCmd
                                     20 	.globl _CLK_SlowActiveHaltWakeUpCmd
                                     21 	.globl _CLK_PeripheralClockConfig
                                     22 	.globl _CLK_ClockSwitchConfig
                                     23 	.globl _CLK_HSIPrescalerConfig
                                     24 	.globl _CLK_CCOConfig
                                     25 	.globl _CLK_ITConfig
                                     26 	.globl _CLK_SYSCLKConfig
                                     27 	.globl _CLK_SWIMConfig
                                     28 	.globl _CLK_ClockSecuritySystemEnable
                                     29 	.globl _CLK_GetSYSCLKSource
                                     30 	.globl _CLK_GetClockFreq
                                     31 	.globl _CLK_AdjustHSICalibrationValue
                                     32 	.globl _CLK_SYSCLKEmergencyClear
                                     33 	.globl _CLK_GetFlagStatus
                                     34 	.globl _CLK_GetITStatus
                                     35 	.globl _CLK_ClearITPendingBit
                                     36 ;--------------------------------------------------------
                                     37 ; ram data
                                     38 ;--------------------------------------------------------
                                     39 	.area DATA
                                     40 ;--------------------------------------------------------
                                     41 ; ram data
                                     42 ;--------------------------------------------------------
                                     43 	.area INITIALIZED
                                     44 ;--------------------------------------------------------
                                     45 ; absolute external ram data
                                     46 ;--------------------------------------------------------
                                     47 	.area DABS (ABS)
                                     48 
                                     49 ; default segment ordering for linker
                                     50 	.area HOME
                                     51 	.area GSINIT
                                     52 	.area GSFINAL
                                     53 	.area CONST
                                     54 	.area INITIALIZER
                                     55 	.area CODE
                                     56 
                                     57 ;--------------------------------------------------------
                                     58 ; global & static initialisations
                                     59 ;--------------------------------------------------------
                                     60 	.area HOME
                                     61 	.area GSINIT
                                     62 	.area GSFINAL
                                     63 	.area GSINIT
                                     64 ;--------------------------------------------------------
                                     65 ; Home
                                     66 ;--------------------------------------------------------
                                     67 	.area HOME
                                     68 	.area HOME
                                     69 ;--------------------------------------------------------
                                     70 ; code
                                     71 ;--------------------------------------------------------
                                     72 	.area CODE
                                     73 ;	core/source/stm8s_clk.c: 72: void CLK_DeInit(void)
                                     74 ;	-----------------------------------------
                                     75 ;	 function CLK_DeInit
                                     76 ;	-----------------------------------------
      000000                         77 _CLK_DeInit:
                                     78 ;	core/source/stm8s_clk.c: 74: CLK->ICKR = CLK_ICKR_RESET_VALUE;
      000000 35 01 50 C0      [ 1]   79 	mov	0x50c0+0, #0x01
                                     80 ;	core/source/stm8s_clk.c: 75: CLK->ECKR = CLK_ECKR_RESET_VALUE;
      000004 35 00 50 C1      [ 1]   81 	mov	0x50c1+0, #0x00
                                     82 ;	core/source/stm8s_clk.c: 76: CLK->SWR  = CLK_SWR_RESET_VALUE;
      000008 35 E1 50 C4      [ 1]   83 	mov	0x50c4+0, #0xe1
                                     84 ;	core/source/stm8s_clk.c: 77: CLK->SWCR = CLK_SWCR_RESET_VALUE;
      00000C 35 00 50 C5      [ 1]   85 	mov	0x50c5+0, #0x00
                                     86 ;	core/source/stm8s_clk.c: 78: CLK->CKDIVR = CLK_CKDIVR_RESET_VALUE;
      000010 35 18 50 C6      [ 1]   87 	mov	0x50c6+0, #0x18
                                     88 ;	core/source/stm8s_clk.c: 79: CLK->PCKENR1 = CLK_PCKENR1_RESET_VALUE;
      000014 35 FF 50 C7      [ 1]   89 	mov	0x50c7+0, #0xff
                                     90 ;	core/source/stm8s_clk.c: 80: CLK->PCKENR2 = CLK_PCKENR2_RESET_VALUE;
      000018 35 FF 50 CA      [ 1]   91 	mov	0x50ca+0, #0xff
                                     92 ;	core/source/stm8s_clk.c: 81: CLK->CSSR = CLK_CSSR_RESET_VALUE;
      00001C 35 00 50 C8      [ 1]   93 	mov	0x50c8+0, #0x00
                                     94 ;	core/source/stm8s_clk.c: 82: CLK->CCOR = CLK_CCOR_RESET_VALUE;
      000020 35 00 50 C9      [ 1]   95 	mov	0x50c9+0, #0x00
                                     96 ;	core/source/stm8s_clk.c: 83: while ((CLK->CCOR & CLK_CCOR_CCOEN)!= 0)
      000024                         97 00101$:
      000024 C6 50 C9         [ 1]   98 	ld	a, 0x50c9
      000027 44               [ 1]   99 	srl	a
      000028 25 FA            [ 1]  100 	jrc	00101$
                                    101 ;	core/source/stm8s_clk.c: 85: CLK->CCOR = CLK_CCOR_RESET_VALUE;
      00002A 35 00 50 C9      [ 1]  102 	mov	0x50c9+0, #0x00
                                    103 ;	core/source/stm8s_clk.c: 86: CLK->HSITRIMR = CLK_HSITRIMR_RESET_VALUE;
      00002E 35 00 50 CC      [ 1]  104 	mov	0x50cc+0, #0x00
                                    105 ;	core/source/stm8s_clk.c: 87: CLK->SWIMCCR = CLK_SWIMCCR_RESET_VALUE;
      000032 35 00 50 CD      [ 1]  106 	mov	0x50cd+0, #0x00
                                    107 ;	core/source/stm8s_clk.c: 88: }
      000036 81               [ 4]  108 	ret
                                    109 ;	core/source/stm8s_clk.c: 99: void CLK_FastHaltWakeUpCmd(FunctionalState NewState)
                                    110 ;	-----------------------------------------
                                    111 ;	 function CLK_FastHaltWakeUpCmd
                                    112 ;	-----------------------------------------
      000037                        113 _CLK_FastHaltWakeUpCmd:
                                    114 ;	core/source/stm8s_clk.c: 107: CLK->ICKR |= CLK_ICKR_FHWU;
      000037 C6 50 C0         [ 1]  115 	ld	a, 0x50c0
                                    116 ;	core/source/stm8s_clk.c: 104: if (NewState != DISABLE)
      00003A 0D 03            [ 1]  117 	tnz	(0x03, sp)
      00003C 27 06            [ 1]  118 	jreq	00102$
                                    119 ;	core/source/stm8s_clk.c: 107: CLK->ICKR |= CLK_ICKR_FHWU;
      00003E AA 04            [ 1]  120 	or	a, #0x04
      000040 C7 50 C0         [ 1]  121 	ld	0x50c0, a
      000043 81               [ 4]  122 	ret
      000044                        123 00102$:
                                    124 ;	core/source/stm8s_clk.c: 112: CLK->ICKR &= (uint8_t)(~CLK_ICKR_FHWU);
      000044 A4 FB            [ 1]  125 	and	a, #0xfb
      000046 C7 50 C0         [ 1]  126 	ld	0x50c0, a
                                    127 ;	core/source/stm8s_clk.c: 114: }
      000049 81               [ 4]  128 	ret
                                    129 ;	core/source/stm8s_clk.c: 121: void CLK_HSECmd(FunctionalState NewState)
                                    130 ;	-----------------------------------------
                                    131 ;	 function CLK_HSECmd
                                    132 ;	-----------------------------------------
      00004A                        133 _CLK_HSECmd:
                                    134 ;	core/source/stm8s_clk.c: 129: CLK->ECKR |= CLK_ECKR_HSEEN;
      00004A C6 50 C1         [ 1]  135 	ld	a, 0x50c1
                                    136 ;	core/source/stm8s_clk.c: 126: if (NewState != DISABLE)
      00004D 0D 03            [ 1]  137 	tnz	(0x03, sp)
      00004F 27 06            [ 1]  138 	jreq	00102$
                                    139 ;	core/source/stm8s_clk.c: 129: CLK->ECKR |= CLK_ECKR_HSEEN;
      000051 AA 01            [ 1]  140 	or	a, #0x01
      000053 C7 50 C1         [ 1]  141 	ld	0x50c1, a
      000056 81               [ 4]  142 	ret
      000057                        143 00102$:
                                    144 ;	core/source/stm8s_clk.c: 134: CLK->ECKR &= (uint8_t)(~CLK_ECKR_HSEEN);
      000057 A4 FE            [ 1]  145 	and	a, #0xfe
      000059 C7 50 C1         [ 1]  146 	ld	0x50c1, a
                                    147 ;	core/source/stm8s_clk.c: 136: }
      00005C 81               [ 4]  148 	ret
                                    149 ;	core/source/stm8s_clk.c: 143: void CLK_HSICmd(FunctionalState NewState)
                                    150 ;	-----------------------------------------
                                    151 ;	 function CLK_HSICmd
                                    152 ;	-----------------------------------------
      00005D                        153 _CLK_HSICmd:
                                    154 ;	core/source/stm8s_clk.c: 151: CLK->ICKR |= CLK_ICKR_HSIEN;
      00005D C6 50 C0         [ 1]  155 	ld	a, 0x50c0
                                    156 ;	core/source/stm8s_clk.c: 148: if (NewState != DISABLE)
      000060 0D 03            [ 1]  157 	tnz	(0x03, sp)
      000062 27 06            [ 1]  158 	jreq	00102$
                                    159 ;	core/source/stm8s_clk.c: 151: CLK->ICKR |= CLK_ICKR_HSIEN;
      000064 AA 01            [ 1]  160 	or	a, #0x01
      000066 C7 50 C0         [ 1]  161 	ld	0x50c0, a
      000069 81               [ 4]  162 	ret
      00006A                        163 00102$:
                                    164 ;	core/source/stm8s_clk.c: 156: CLK->ICKR &= (uint8_t)(~CLK_ICKR_HSIEN);
      00006A A4 FE            [ 1]  165 	and	a, #0xfe
      00006C C7 50 C0         [ 1]  166 	ld	0x50c0, a
                                    167 ;	core/source/stm8s_clk.c: 158: }
      00006F 81               [ 4]  168 	ret
                                    169 ;	core/source/stm8s_clk.c: 166: void CLK_LSICmd(FunctionalState NewState)
                                    170 ;	-----------------------------------------
                                    171 ;	 function CLK_LSICmd
                                    172 ;	-----------------------------------------
      000070                        173 _CLK_LSICmd:
                                    174 ;	core/source/stm8s_clk.c: 174: CLK->ICKR |= CLK_ICKR_LSIEN;
      000070 C6 50 C0         [ 1]  175 	ld	a, 0x50c0
                                    176 ;	core/source/stm8s_clk.c: 171: if (NewState != DISABLE)
      000073 0D 03            [ 1]  177 	tnz	(0x03, sp)
      000075 27 06            [ 1]  178 	jreq	00102$
                                    179 ;	core/source/stm8s_clk.c: 174: CLK->ICKR |= CLK_ICKR_LSIEN;
      000077 AA 08            [ 1]  180 	or	a, #0x08
      000079 C7 50 C0         [ 1]  181 	ld	0x50c0, a
      00007C 81               [ 4]  182 	ret
      00007D                        183 00102$:
                                    184 ;	core/source/stm8s_clk.c: 179: CLK->ICKR &= (uint8_t)(~CLK_ICKR_LSIEN);
      00007D A4 F7            [ 1]  185 	and	a, #0xf7
      00007F C7 50 C0         [ 1]  186 	ld	0x50c0, a
                                    187 ;	core/source/stm8s_clk.c: 181: }
      000082 81               [ 4]  188 	ret
                                    189 ;	core/source/stm8s_clk.c: 189: void CLK_CCOCmd(FunctionalState NewState)
                                    190 ;	-----------------------------------------
                                    191 ;	 function CLK_CCOCmd
                                    192 ;	-----------------------------------------
      000083                        193 _CLK_CCOCmd:
                                    194 ;	core/source/stm8s_clk.c: 197: CLK->CCOR |= CLK_CCOR_CCOEN;
      000083 C6 50 C9         [ 1]  195 	ld	a, 0x50c9
                                    196 ;	core/source/stm8s_clk.c: 194: if (NewState != DISABLE)
      000086 0D 03            [ 1]  197 	tnz	(0x03, sp)
      000088 27 06            [ 1]  198 	jreq	00102$
                                    199 ;	core/source/stm8s_clk.c: 197: CLK->CCOR |= CLK_CCOR_CCOEN;
      00008A AA 01            [ 1]  200 	or	a, #0x01
      00008C C7 50 C9         [ 1]  201 	ld	0x50c9, a
      00008F 81               [ 4]  202 	ret
      000090                        203 00102$:
                                    204 ;	core/source/stm8s_clk.c: 202: CLK->CCOR &= (uint8_t)(~CLK_CCOR_CCOEN);
      000090 A4 FE            [ 1]  205 	and	a, #0xfe
      000092 C7 50 C9         [ 1]  206 	ld	0x50c9, a
                                    207 ;	core/source/stm8s_clk.c: 204: }
      000095 81               [ 4]  208 	ret
                                    209 ;	core/source/stm8s_clk.c: 213: void CLK_ClockSwitchCmd(FunctionalState NewState)
                                    210 ;	-----------------------------------------
                                    211 ;	 function CLK_ClockSwitchCmd
                                    212 ;	-----------------------------------------
      000096                        213 _CLK_ClockSwitchCmd:
                                    214 ;	core/source/stm8s_clk.c: 221: CLK->SWCR |= CLK_SWCR_SWEN;
      000096 C6 50 C5         [ 1]  215 	ld	a, 0x50c5
                                    216 ;	core/source/stm8s_clk.c: 218: if (NewState != DISABLE )
      000099 0D 03            [ 1]  217 	tnz	(0x03, sp)
      00009B 27 06            [ 1]  218 	jreq	00102$
                                    219 ;	core/source/stm8s_clk.c: 221: CLK->SWCR |= CLK_SWCR_SWEN;
      00009D AA 02            [ 1]  220 	or	a, #0x02
      00009F C7 50 C5         [ 1]  221 	ld	0x50c5, a
      0000A2 81               [ 4]  222 	ret
      0000A3                        223 00102$:
                                    224 ;	core/source/stm8s_clk.c: 226: CLK->SWCR &= (uint8_t)(~CLK_SWCR_SWEN);
      0000A3 A4 FD            [ 1]  225 	and	a, #0xfd
      0000A5 C7 50 C5         [ 1]  226 	ld	0x50c5, a
                                    227 ;	core/source/stm8s_clk.c: 228: }
      0000A8 81               [ 4]  228 	ret
                                    229 ;	core/source/stm8s_clk.c: 238: void CLK_SlowActiveHaltWakeUpCmd(FunctionalState NewState)
                                    230 ;	-----------------------------------------
                                    231 ;	 function CLK_SlowActiveHaltWakeUpCmd
                                    232 ;	-----------------------------------------
      0000A9                        233 _CLK_SlowActiveHaltWakeUpCmd:
                                    234 ;	core/source/stm8s_clk.c: 246: CLK->ICKR |= CLK_ICKR_SWUAH;
      0000A9 C6 50 C0         [ 1]  235 	ld	a, 0x50c0
                                    236 ;	core/source/stm8s_clk.c: 243: if (NewState != DISABLE)
      0000AC 0D 03            [ 1]  237 	tnz	(0x03, sp)
      0000AE 27 06            [ 1]  238 	jreq	00102$
                                    239 ;	core/source/stm8s_clk.c: 246: CLK->ICKR |= CLK_ICKR_SWUAH;
      0000B0 AA 20            [ 1]  240 	or	a, #0x20
      0000B2 C7 50 C0         [ 1]  241 	ld	0x50c0, a
      0000B5 81               [ 4]  242 	ret
      0000B6                        243 00102$:
                                    244 ;	core/source/stm8s_clk.c: 251: CLK->ICKR &= (uint8_t)(~CLK_ICKR_SWUAH);
      0000B6 A4 DF            [ 1]  245 	and	a, #0xdf
      0000B8 C7 50 C0         [ 1]  246 	ld	0x50c0, a
                                    247 ;	core/source/stm8s_clk.c: 253: }
      0000BB 81               [ 4]  248 	ret
                                    249 ;	core/source/stm8s_clk.c: 263: void CLK_PeripheralClockConfig(CLK_Peripheral_TypeDef CLK_Peripheral, FunctionalState NewState)
                                    250 ;	-----------------------------------------
                                    251 ;	 function CLK_PeripheralClockConfig
                                    252 ;	-----------------------------------------
      0000BC                        253 _CLK_PeripheralClockConfig:
      0000BC 88               [ 1]  254 	push	a
                                    255 ;	core/source/stm8s_clk.c: 274: CLK->PCKENR1 |= (uint8_t)((uint8_t)1 << ((uint8_t)CLK_Peripheral & (uint8_t)0x0F));
      0000BD 7B 04            [ 1]  256 	ld	a, (0x04, sp)
      0000BF A4 0F            [ 1]  257 	and	a, #0x0f
      0000C1 88               [ 1]  258 	push	a
      0000C2 A6 01            [ 1]  259 	ld	a, #0x01
      0000C4 6B 02            [ 1]  260 	ld	(0x02, sp), a
      0000C6 84               [ 1]  261 	pop	a
      0000C7 4D               [ 1]  262 	tnz	a
      0000C8 27 05            [ 1]  263 	jreq	00128$
      0000CA                        264 00127$:
      0000CA 08 01            [ 1]  265 	sll	(0x01, sp)
      0000CC 4A               [ 1]  266 	dec	a
      0000CD 26 FB            [ 1]  267 	jrne	00127$
      0000CF                        268 00128$:
                                    269 ;	core/source/stm8s_clk.c: 269: if (((uint8_t)CLK_Peripheral & (uint8_t)0x10) == 0x00)
      0000CF 7B 04            [ 1]  270 	ld	a, (0x04, sp)
      0000D1 A5 10            [ 1]  271 	bcp	a, #0x10
      0000D3 26 17            [ 1]  272 	jrne	00108$
                                    273 ;	core/source/stm8s_clk.c: 274: CLK->PCKENR1 |= (uint8_t)((uint8_t)1 << ((uint8_t)CLK_Peripheral & (uint8_t)0x0F));
      0000D5 C6 50 C7         [ 1]  274 	ld	a, 0x50c7
                                    275 ;	core/source/stm8s_clk.c: 271: if (NewState != DISABLE)
      0000D8 0D 05            [ 1]  276 	tnz	(0x05, sp)
      0000DA 27 07            [ 1]  277 	jreq	00102$
                                    278 ;	core/source/stm8s_clk.c: 274: CLK->PCKENR1 |= (uint8_t)((uint8_t)1 << ((uint8_t)CLK_Peripheral & (uint8_t)0x0F));
      0000DC 1A 01            [ 1]  279 	or	a, (0x01, sp)
      0000DE C7 50 C7         [ 1]  280 	ld	0x50c7, a
      0000E1 20 1E            [ 2]  281 	jra	00110$
      0000E3                        282 00102$:
                                    283 ;	core/source/stm8s_clk.c: 279: CLK->PCKENR1 &= (uint8_t)(~(uint8_t)(((uint8_t)1 << ((uint8_t)CLK_Peripheral & (uint8_t)0x0F))));
      0000E3 03 01            [ 1]  284 	cpl	(0x01, sp)
      0000E5 14 01            [ 1]  285 	and	a, (0x01, sp)
      0000E7 C7 50 C7         [ 1]  286 	ld	0x50c7, a
      0000EA 20 15            [ 2]  287 	jra	00110$
      0000EC                        288 00108$:
                                    289 ;	core/source/stm8s_clk.c: 287: CLK->PCKENR2 |= (uint8_t)((uint8_t)1 << ((uint8_t)CLK_Peripheral & (uint8_t)0x0F));
      0000EC C6 50 CA         [ 1]  290 	ld	a, 0x50ca
                                    291 ;	core/source/stm8s_clk.c: 284: if (NewState != DISABLE)
      0000EF 0D 05            [ 1]  292 	tnz	(0x05, sp)
      0000F1 27 07            [ 1]  293 	jreq	00105$
                                    294 ;	core/source/stm8s_clk.c: 287: CLK->PCKENR2 |= (uint8_t)((uint8_t)1 << ((uint8_t)CLK_Peripheral & (uint8_t)0x0F));
      0000F3 1A 01            [ 1]  295 	or	a, (0x01, sp)
      0000F5 C7 50 CA         [ 1]  296 	ld	0x50ca, a
      0000F8 20 07            [ 2]  297 	jra	00110$
      0000FA                        298 00105$:
                                    299 ;	core/source/stm8s_clk.c: 292: CLK->PCKENR2 &= (uint8_t)(~(uint8_t)(((uint8_t)1 << ((uint8_t)CLK_Peripheral & (uint8_t)0x0F))));
      0000FA 03 01            [ 1]  300 	cpl	(0x01, sp)
      0000FC 14 01            [ 1]  301 	and	a, (0x01, sp)
      0000FE C7 50 CA         [ 1]  302 	ld	0x50ca, a
      000101                        303 00110$:
                                    304 ;	core/source/stm8s_clk.c: 295: }
      000101 84               [ 1]  305 	pop	a
      000102 81               [ 4]  306 	ret
                                    307 ;	core/source/stm8s_clk.c: 309: ErrorStatus CLK_ClockSwitchConfig(CLK_SwitchMode_TypeDef CLK_SwitchMode, CLK_Source_TypeDef CLK_NewClock, FunctionalState ITState, CLK_CurrentClockState_TypeDef CLK_CurrentClockState)
                                    308 ;	-----------------------------------------
                                    309 ;	 function CLK_ClockSwitchConfig
                                    310 ;	-----------------------------------------
      000103                        311 _CLK_ClockSwitchConfig:
                                    312 ;	core/source/stm8s_clk.c: 322: clock_master = (CLK_Source_TypeDef)CLK->CMSR;
      000103 C6 50 C3         [ 1]  313 	ld	a, 0x50c3
      000106 90 97            [ 1]  314 	ld	yl, a
                                    315 ;	core/source/stm8s_clk.c: 328: CLK->SWCR |= CLK_SWCR_SWEN;
      000108 C6 50 C5         [ 1]  316 	ld	a, 0x50c5
                                    317 ;	core/source/stm8s_clk.c: 325: if (CLK_SwitchMode == CLK_SWITCHMODE_AUTO)
      00010B 88               [ 1]  318 	push	a
      00010C 7B 04            [ 1]  319 	ld	a, (0x04, sp)
      00010E 4A               [ 1]  320 	dec	a
      00010F 84               [ 1]  321 	pop	a
      000110 26 37            [ 1]  322 	jrne	00122$
                                    323 ;	core/source/stm8s_clk.c: 328: CLK->SWCR |= CLK_SWCR_SWEN;
      000112 AA 02            [ 1]  324 	or	a, #0x02
      000114 C7 50 C5         [ 1]  325 	ld	0x50c5, a
      000117 C6 50 C5         [ 1]  326 	ld	a, 0x50c5
                                    327 ;	core/source/stm8s_clk.c: 331: if (ITState != DISABLE)
      00011A 0D 05            [ 1]  328 	tnz	(0x05, sp)
      00011C 27 07            [ 1]  329 	jreq	00102$
                                    330 ;	core/source/stm8s_clk.c: 333: CLK->SWCR |= CLK_SWCR_SWIEN;
      00011E AA 04            [ 1]  331 	or	a, #0x04
      000120 C7 50 C5         [ 1]  332 	ld	0x50c5, a
      000123 20 05            [ 2]  333 	jra	00103$
      000125                        334 00102$:
                                    335 ;	core/source/stm8s_clk.c: 337: CLK->SWCR &= (uint8_t)(~CLK_SWCR_SWIEN);
      000125 A4 FB            [ 1]  336 	and	a, #0xfb
      000127 C7 50 C5         [ 1]  337 	ld	0x50c5, a
      00012A                        338 00103$:
                                    339 ;	core/source/stm8s_clk.c: 341: CLK->SWR = (uint8_t)CLK_NewClock;
      00012A AE 50 C4         [ 2]  340 	ldw	x, #0x50c4
      00012D 7B 04            [ 1]  341 	ld	a, (0x04, sp)
      00012F F7               [ 1]  342 	ld	(x), a
                                    343 ;	core/source/stm8s_clk.c: 344: while((((CLK->SWCR & CLK_SWCR_SWBSY) != 0 )&& (DownCounter != 0)))
      000130 5F               [ 1]  344 	clrw	x
      000131 5A               [ 2]  345 	decw	x
      000132                        346 00105$:
      000132 C6 50 C5         [ 1]  347 	ld	a, 0x50c5
      000135 44               [ 1]  348 	srl	a
      000136 24 06            [ 1]  349 	jrnc	00107$
      000138 5D               [ 2]  350 	tnzw	x
      000139 27 03            [ 1]  351 	jreq	00107$
                                    352 ;	core/source/stm8s_clk.c: 346: DownCounter--;
      00013B 5A               [ 2]  353 	decw	x
      00013C 20 F4            [ 2]  354 	jra	00105$
      00013E                        355 00107$:
                                    356 ;	core/source/stm8s_clk.c: 349: if(DownCounter != 0)
      00013E 5D               [ 2]  357 	tnzw	x
      00013F 27 05            [ 1]  358 	jreq	00109$
                                    359 ;	core/source/stm8s_clk.c: 351: Swif = SUCCESS;
      000141 A6 01            [ 1]  360 	ld	a, #0x01
      000143 97               [ 1]  361 	ld	xl, a
      000144 20 34            [ 2]  362 	jra	00123$
      000146                        363 00109$:
                                    364 ;	core/source/stm8s_clk.c: 355: Swif = ERROR;
      000146 5F               [ 1]  365 	clrw	x
      000147 20 31            [ 2]  366 	jra	00123$
      000149                        367 00122$:
                                    368 ;	core/source/stm8s_clk.c: 361: if (ITState != DISABLE)
      000149 0D 05            [ 1]  369 	tnz	(0x05, sp)
      00014B 27 07            [ 1]  370 	jreq	00112$
                                    371 ;	core/source/stm8s_clk.c: 363: CLK->SWCR |= CLK_SWCR_SWIEN;
      00014D AA 04            [ 1]  372 	or	a, #0x04
      00014F C7 50 C5         [ 1]  373 	ld	0x50c5, a
      000152 20 05            [ 2]  374 	jra	00113$
      000154                        375 00112$:
                                    376 ;	core/source/stm8s_clk.c: 367: CLK->SWCR &= (uint8_t)(~CLK_SWCR_SWIEN);
      000154 A4 FB            [ 1]  377 	and	a, #0xfb
      000156 C7 50 C5         [ 1]  378 	ld	0x50c5, a
      000159                        379 00113$:
                                    380 ;	core/source/stm8s_clk.c: 371: CLK->SWR = (uint8_t)CLK_NewClock;
      000159 AE 50 C4         [ 2]  381 	ldw	x, #0x50c4
      00015C 7B 04            [ 1]  382 	ld	a, (0x04, sp)
      00015E F7               [ 1]  383 	ld	(x), a
                                    384 ;	core/source/stm8s_clk.c: 374: while((((CLK->SWCR & CLK_SWCR_SWIF) != 0 ) && (DownCounter != 0)))
      00015F 5F               [ 1]  385 	clrw	x
      000160 5A               [ 2]  386 	decw	x
      000161                        387 00115$:
      000161 C6 50 C5         [ 1]  388 	ld	a, 0x50c5
      000164 A5 08            [ 1]  389 	bcp	a, #0x08
      000166 27 06            [ 1]  390 	jreq	00117$
      000168 5D               [ 2]  391 	tnzw	x
      000169 27 03            [ 1]  392 	jreq	00117$
                                    393 ;	core/source/stm8s_clk.c: 376: DownCounter--;
      00016B 5A               [ 2]  394 	decw	x
      00016C 20 F3            [ 2]  395 	jra	00115$
      00016E                        396 00117$:
                                    397 ;	core/source/stm8s_clk.c: 379: if(DownCounter != 0)
      00016E 5D               [ 2]  398 	tnzw	x
      00016F 27 08            [ 1]  399 	jreq	00119$
                                    400 ;	core/source/stm8s_clk.c: 382: CLK->SWCR |= CLK_SWCR_SWEN;
      000171 72 12 50 C5      [ 1]  401 	bset	20677, #1
                                    402 ;	core/source/stm8s_clk.c: 383: Swif = SUCCESS;
      000175 A6 01            [ 1]  403 	ld	a, #0x01
      000177 97               [ 1]  404 	ld	xl, a
                                    405 ;	core/source/stm8s_clk.c: 387: Swif = ERROR;
      000178 21                     406 	.byte 0x21
      000179                        407 00119$:
      000179 5F               [ 1]  408 	clrw	x
      00017A                        409 00123$:
                                    410 ;	core/source/stm8s_clk.c: 390: if(Swif != ERROR)
      00017A 9F               [ 1]  411 	ld	a, xl
      00017B 4D               [ 1]  412 	tnz	a
      00017C 27 2E            [ 1]  413 	jreq	00136$
                                    414 ;	core/source/stm8s_clk.c: 393: if((CLK_CurrentClockState == CLK_CURRENTCLOCKSTATE_DISABLE) && ( clock_master == CLK_SOURCE_HSI))
      00017E 0D 06            [ 1]  415 	tnz	(0x06, sp)
      000180 26 0C            [ 1]  416 	jrne	00132$
      000182 90 9F            [ 1]  417 	ld	a, yl
      000184 A1 E1            [ 1]  418 	cp	a, #0xe1
      000186 26 06            [ 1]  419 	jrne	00132$
                                    420 ;	core/source/stm8s_clk.c: 395: CLK->ICKR &= (uint8_t)(~CLK_ICKR_HSIEN);
      000188 72 11 50 C0      [ 1]  421 	bres	20672, #0
      00018C 20 1E            [ 2]  422 	jra	00136$
      00018E                        423 00132$:
                                    424 ;	core/source/stm8s_clk.c: 397: else if((CLK_CurrentClockState == CLK_CURRENTCLOCKSTATE_DISABLE) && ( clock_master == CLK_SOURCE_LSI))
      00018E 0D 06            [ 1]  425 	tnz	(0x06, sp)
      000190 26 0C            [ 1]  426 	jrne	00128$
      000192 90 9F            [ 1]  427 	ld	a, yl
      000194 A1 D2            [ 1]  428 	cp	a, #0xd2
      000196 26 06            [ 1]  429 	jrne	00128$
                                    430 ;	core/source/stm8s_clk.c: 399: CLK->ICKR &= (uint8_t)(~CLK_ICKR_LSIEN);
      000198 72 17 50 C0      [ 1]  431 	bres	20672, #3
      00019C 20 0E            [ 2]  432 	jra	00136$
      00019E                        433 00128$:
                                    434 ;	core/source/stm8s_clk.c: 401: else if ((CLK_CurrentClockState == CLK_CURRENTCLOCKSTATE_DISABLE) && ( clock_master == CLK_SOURCE_HSE))
      00019E 0D 06            [ 1]  435 	tnz	(0x06, sp)
      0001A0 26 0A            [ 1]  436 	jrne	00136$
      0001A2 90 9F            [ 1]  437 	ld	a, yl
      0001A4 A1 B4            [ 1]  438 	cp	a, #0xb4
      0001A6 26 04            [ 1]  439 	jrne	00136$
                                    440 ;	core/source/stm8s_clk.c: 403: CLK->ECKR &= (uint8_t)(~CLK_ECKR_HSEEN);
      0001A8 72 11 50 C1      [ 1]  441 	bres	20673, #0
      0001AC                        442 00136$:
                                    443 ;	core/source/stm8s_clk.c: 406: return(Swif);
      0001AC 9F               [ 1]  444 	ld	a, xl
                                    445 ;	core/source/stm8s_clk.c: 407: }
      0001AD 81               [ 4]  446 	ret
                                    447 ;	core/source/stm8s_clk.c: 415: void CLK_HSIPrescalerConfig(CLK_Prescaler_TypeDef HSIPrescaler)
                                    448 ;	-----------------------------------------
                                    449 ;	 function CLK_HSIPrescalerConfig
                                    450 ;	-----------------------------------------
      0001AE                        451 _CLK_HSIPrescalerConfig:
                                    452 ;	core/source/stm8s_clk.c: 421: CLK->CKDIVR &= (uint8_t)(~CLK_CKDIVR_HSIDIV);
      0001AE C6 50 C6         [ 1]  453 	ld	a, 0x50c6
      0001B1 A4 E7            [ 1]  454 	and	a, #0xe7
      0001B3 C7 50 C6         [ 1]  455 	ld	0x50c6, a
                                    456 ;	core/source/stm8s_clk.c: 424: CLK->CKDIVR |= (uint8_t)HSIPrescaler;
      0001B6 C6 50 C6         [ 1]  457 	ld	a, 0x50c6
      0001B9 1A 03            [ 1]  458 	or	a, (0x03, sp)
      0001BB C7 50 C6         [ 1]  459 	ld	0x50c6, a
                                    460 ;	core/source/stm8s_clk.c: 425: }
      0001BE 81               [ 4]  461 	ret
                                    462 ;	core/source/stm8s_clk.c: 436: void CLK_CCOConfig(CLK_Output_TypeDef CLK_CCO)
                                    463 ;	-----------------------------------------
                                    464 ;	 function CLK_CCOConfig
                                    465 ;	-----------------------------------------
      0001BF                        466 _CLK_CCOConfig:
                                    467 ;	core/source/stm8s_clk.c: 442: CLK->CCOR &= (uint8_t)(~CLK_CCOR_CCOSEL);
      0001BF C6 50 C9         [ 1]  468 	ld	a, 0x50c9
      0001C2 A4 E1            [ 1]  469 	and	a, #0xe1
      0001C4 C7 50 C9         [ 1]  470 	ld	0x50c9, a
                                    471 ;	core/source/stm8s_clk.c: 445: CLK->CCOR |= (uint8_t)CLK_CCO;
      0001C7 C6 50 C9         [ 1]  472 	ld	a, 0x50c9
      0001CA 1A 03            [ 1]  473 	or	a, (0x03, sp)
      0001CC C7 50 C9         [ 1]  474 	ld	0x50c9, a
                                    475 ;	core/source/stm8s_clk.c: 448: CLK->CCOR |= CLK_CCOR_CCOEN;
      0001CF 72 10 50 C9      [ 1]  476 	bset	20681, #0
                                    477 ;	core/source/stm8s_clk.c: 449: }
      0001D3 81               [ 4]  478 	ret
                                    479 ;	core/source/stm8s_clk.c: 459: void CLK_ITConfig(CLK_IT_TypeDef CLK_IT, FunctionalState NewState)
                                    480 ;	-----------------------------------------
                                    481 ;	 function CLK_ITConfig
                                    482 ;	-----------------------------------------
      0001D4                        483 _CLK_ITConfig:
                                    484 ;	core/source/stm8s_clk.c: 467: switch (CLK_IT)
      0001D4 7B 03            [ 1]  485 	ld	a, (0x03, sp)
      0001D6 A0 0C            [ 1]  486 	sub	a, #0x0c
      0001D8 26 02            [ 1]  487 	jrne	00140$
      0001DA 4C               [ 1]  488 	inc	a
      0001DB 21                     489 	.byte 0x21
      0001DC                        490 00140$:
      0001DC 4F               [ 1]  491 	clr	a
      0001DD                        492 00141$:
                                    493 ;	core/source/stm8s_clk.c: 465: if (NewState != DISABLE)
      0001DD 0D 04            [ 1]  494 	tnz	(0x04, sp)
      0001DF 27 14            [ 1]  495 	jreq	00110$
                                    496 ;	core/source/stm8s_clk.c: 467: switch (CLK_IT)
      0001E1 4D               [ 1]  497 	tnz	a
      0001E2 26 0C            [ 1]  498 	jrne	00102$
      0001E4 7B 03            [ 1]  499 	ld	a, (0x03, sp)
      0001E6 A1 1C            [ 1]  500 	cp	a, #0x1c
      0001E8 27 01            [ 1]  501 	jreq	00146$
      0001EA 81               [ 4]  502 	ret
      0001EB                        503 00146$:
                                    504 ;	core/source/stm8s_clk.c: 470: CLK->SWCR |= CLK_SWCR_SWIEN;
      0001EB 72 14 50 C5      [ 1]  505 	bset	20677, #2
                                    506 ;	core/source/stm8s_clk.c: 471: break;
      0001EF 81               [ 4]  507 	ret
                                    508 ;	core/source/stm8s_clk.c: 472: case CLK_IT_CSSD: /* Enable the clock security system detection interrupt */
      0001F0                        509 00102$:
                                    510 ;	core/source/stm8s_clk.c: 473: CLK->CSSR |= CLK_CSSR_CSSDIE;
      0001F0 72 14 50 C8      [ 1]  511 	bset	20680, #2
                                    512 ;	core/source/stm8s_clk.c: 474: break;
      0001F4 81               [ 4]  513 	ret
                                    514 ;	core/source/stm8s_clk.c: 477: }
      0001F5                        515 00110$:
                                    516 ;	core/source/stm8s_clk.c: 481: switch (CLK_IT)
      0001F5 4D               [ 1]  517 	tnz	a
      0001F6 26 0C            [ 1]  518 	jrne	00106$
      0001F8 7B 03            [ 1]  519 	ld	a, (0x03, sp)
      0001FA A1 1C            [ 1]  520 	cp	a, #0x1c
      0001FC 27 01            [ 1]  521 	jreq	00150$
      0001FE 81               [ 4]  522 	ret
      0001FF                        523 00150$:
                                    524 ;	core/source/stm8s_clk.c: 484: CLK->SWCR  &= (uint8_t)(~CLK_SWCR_SWIEN);
      0001FF 72 15 50 C5      [ 1]  525 	bres	20677, #2
                                    526 ;	core/source/stm8s_clk.c: 485: break;
      000203 81               [ 4]  527 	ret
                                    528 ;	core/source/stm8s_clk.c: 486: case CLK_IT_CSSD: /* Disable the clock security system detection interrupt */
      000204                        529 00106$:
                                    530 ;	core/source/stm8s_clk.c: 487: CLK->CSSR &= (uint8_t)(~CLK_CSSR_CSSDIE);
      000204 72 15 50 C8      [ 1]  531 	bres	20680, #2
                                    532 ;	core/source/stm8s_clk.c: 491: }
                                    533 ;	core/source/stm8s_clk.c: 493: }
      000208 81               [ 4]  534 	ret
                                    535 ;	core/source/stm8s_clk.c: 500: void CLK_SYSCLKConfig(CLK_Prescaler_TypeDef CLK_Prescaler)
                                    536 ;	-----------------------------------------
                                    537 ;	 function CLK_SYSCLKConfig
                                    538 ;	-----------------------------------------
      000209                        539 _CLK_SYSCLKConfig:
      000209 88               [ 1]  540 	push	a
                                    541 ;	core/source/stm8s_clk.c: 507: CLK->CKDIVR &= (uint8_t)(~CLK_CKDIVR_HSIDIV);
      00020A C6 50 C6         [ 1]  542 	ld	a, 0x50c6
                                    543 ;	core/source/stm8s_clk.c: 505: if (((uint8_t)CLK_Prescaler & (uint8_t)0x80) == 0x00) /* Bit7 = 0 means HSI divider */
      00020D 0D 04            [ 1]  544 	tnz	(0x04, sp)
      00020F 2B 15            [ 1]  545 	jrmi	00102$
                                    546 ;	core/source/stm8s_clk.c: 507: CLK->CKDIVR &= (uint8_t)(~CLK_CKDIVR_HSIDIV);
      000211 A4 E7            [ 1]  547 	and	a, #0xe7
      000213 C7 50 C6         [ 1]  548 	ld	0x50c6, a
                                    549 ;	core/source/stm8s_clk.c: 508: CLK->CKDIVR |= (uint8_t)((uint8_t)CLK_Prescaler & (uint8_t)CLK_CKDIVR_HSIDIV);
      000216 C6 50 C6         [ 1]  550 	ld	a, 0x50c6
      000219 6B 01            [ 1]  551 	ld	(0x01, sp), a
      00021B 7B 04            [ 1]  552 	ld	a, (0x04, sp)
      00021D A4 18            [ 1]  553 	and	a, #0x18
      00021F 1A 01            [ 1]  554 	or	a, (0x01, sp)
      000221 C7 50 C6         [ 1]  555 	ld	0x50c6, a
      000224 20 13            [ 2]  556 	jra	00104$
      000226                        557 00102$:
                                    558 ;	core/source/stm8s_clk.c: 512: CLK->CKDIVR &= (uint8_t)(~CLK_CKDIVR_CPUDIV);
      000226 A4 F8            [ 1]  559 	and	a, #0xf8
      000228 C7 50 C6         [ 1]  560 	ld	0x50c6, a
                                    561 ;	core/source/stm8s_clk.c: 513: CLK->CKDIVR |= (uint8_t)((uint8_t)CLK_Prescaler & (uint8_t)CLK_CKDIVR_CPUDIV);
      00022B C6 50 C6         [ 1]  562 	ld	a, 0x50c6
      00022E 6B 01            [ 1]  563 	ld	(0x01, sp), a
      000230 7B 04            [ 1]  564 	ld	a, (0x04, sp)
      000232 A4 07            [ 1]  565 	and	a, #0x07
      000234 1A 01            [ 1]  566 	or	a, (0x01, sp)
      000236 C7 50 C6         [ 1]  567 	ld	0x50c6, a
      000239                        568 00104$:
                                    569 ;	core/source/stm8s_clk.c: 515: }
      000239 84               [ 1]  570 	pop	a
      00023A 81               [ 4]  571 	ret
                                    572 ;	core/source/stm8s_clk.c: 523: void CLK_SWIMConfig(CLK_SWIMDivider_TypeDef CLK_SWIMDivider)
                                    573 ;	-----------------------------------------
                                    574 ;	 function CLK_SWIMConfig
                                    575 ;	-----------------------------------------
      00023B                        576 _CLK_SWIMConfig:
                                    577 ;	core/source/stm8s_clk.c: 531: CLK->SWIMCCR |= CLK_SWIMCCR_SWIMDIV;
      00023B C6 50 CD         [ 1]  578 	ld	a, 0x50cd
                                    579 ;	core/source/stm8s_clk.c: 528: if (CLK_SWIMDivider != CLK_SWIMDIVIDER_2)
      00023E 0D 03            [ 1]  580 	tnz	(0x03, sp)
      000240 27 06            [ 1]  581 	jreq	00102$
                                    582 ;	core/source/stm8s_clk.c: 531: CLK->SWIMCCR |= CLK_SWIMCCR_SWIMDIV;
      000242 AA 01            [ 1]  583 	or	a, #0x01
      000244 C7 50 CD         [ 1]  584 	ld	0x50cd, a
      000247 81               [ 4]  585 	ret
      000248                        586 00102$:
                                    587 ;	core/source/stm8s_clk.c: 536: CLK->SWIMCCR &= (uint8_t)(~CLK_SWIMCCR_SWIMDIV);
      000248 A4 FE            [ 1]  588 	and	a, #0xfe
      00024A C7 50 CD         [ 1]  589 	ld	0x50cd, a
                                    590 ;	core/source/stm8s_clk.c: 538: }
      00024D 81               [ 4]  591 	ret
                                    592 ;	core/source/stm8s_clk.c: 547: void CLK_ClockSecuritySystemEnable(void)
                                    593 ;	-----------------------------------------
                                    594 ;	 function CLK_ClockSecuritySystemEnable
                                    595 ;	-----------------------------------------
      00024E                        596 _CLK_ClockSecuritySystemEnable:
                                    597 ;	core/source/stm8s_clk.c: 550: CLK->CSSR |= CLK_CSSR_CSSEN;
      00024E 72 10 50 C8      [ 1]  598 	bset	20680, #0
                                    599 ;	core/source/stm8s_clk.c: 551: }
      000252 81               [ 4]  600 	ret
                                    601 ;	core/source/stm8s_clk.c: 559: CLK_Source_TypeDef CLK_GetSYSCLKSource(void)
                                    602 ;	-----------------------------------------
                                    603 ;	 function CLK_GetSYSCLKSource
                                    604 ;	-----------------------------------------
      000253                        605 _CLK_GetSYSCLKSource:
                                    606 ;	core/source/stm8s_clk.c: 561: return((CLK_Source_TypeDef)CLK->CMSR);
      000253 C6 50 C3         [ 1]  607 	ld	a, 0x50c3
                                    608 ;	core/source/stm8s_clk.c: 562: }
      000256 81               [ 4]  609 	ret
                                    610 ;	core/source/stm8s_clk.c: 569: uint32_t CLK_GetClockFreq(void)
                                    611 ;	-----------------------------------------
                                    612 ;	 function CLK_GetClockFreq
                                    613 ;	-----------------------------------------
      000257                        614 _CLK_GetClockFreq:
      000257 52 04            [ 2]  615 	sub	sp, #4
                                    616 ;	core/source/stm8s_clk.c: 576: clocksource = (CLK_Source_TypeDef)CLK->CMSR;
      000259 C6 50 C3         [ 1]  617 	ld	a, 0x50c3
                                    618 ;	core/source/stm8s_clk.c: 578: if (clocksource == CLK_SOURCE_HSI)
      00025C 6B 04            [ 1]  619 	ld	(0x04, sp), a
      00025E A1 E1            [ 1]  620 	cp	a, #0xe1
      000260 26 26            [ 1]  621 	jrne	00105$
                                    622 ;	core/source/stm8s_clk.c: 580: tmp = (uint8_t)(CLK->CKDIVR & CLK_CKDIVR_HSIDIV);
      000262 C6 50 C6         [ 1]  623 	ld	a, 0x50c6
      000265 A4 18            [ 1]  624 	and	a, #0x18
                                    625 ;	core/source/stm8s_clk.c: 581: tmp = (uint8_t)(tmp >> 3);
      000267 44               [ 1]  626 	srl	a
      000268 44               [ 1]  627 	srl	a
      000269 44               [ 1]  628 	srl	a
                                    629 ;	core/source/stm8s_clk.c: 582: presc = HSIDivFactor[tmp];
      00026A 5F               [ 1]  630 	clrw	x
      00026B 97               [ 1]  631 	ld	xl, a
      00026C 1Cr00r00         [ 2]  632 	addw	x, #(_HSIDivFactor + 0)
      00026F F6               [ 1]  633 	ld	a, (x)
                                    634 ;	core/source/stm8s_clk.c: 583: clockfrequency = HSI_VALUE / presc;
      000270 5F               [ 1]  635 	clrw	x
      000271 97               [ 1]  636 	ld	xl, a
      000272 90 5F            [ 1]  637 	clrw	y
      000274 89               [ 2]  638 	pushw	x
      000275 90 89            [ 2]  639 	pushw	y
      000277 4B 00            [ 1]  640 	push	#0x00
      000279 4B 24            [ 1]  641 	push	#0x24
      00027B 4B F4            [ 1]  642 	push	#0xf4
      00027D 4B 00            [ 1]  643 	push	#0x00
      00027F CDr00r00         [ 4]  644 	call	__divulong
      000282 5B 08            [ 2]  645 	addw	sp, #8
      000284 1F 03            [ 2]  646 	ldw	(0x03, sp), x
      000286 20 1A            [ 2]  647 	jra	00106$
      000288                        648 00105$:
                                    649 ;	core/source/stm8s_clk.c: 585: else if ( clocksource == CLK_SOURCE_LSI)
      000288 7B 04            [ 1]  650 	ld	a, (0x04, sp)
      00028A A1 D2            [ 1]  651 	cp	a, #0xd2
      00028C 26 0B            [ 1]  652 	jrne	00102$
                                    653 ;	core/source/stm8s_clk.c: 587: clockfrequency = LSI_VALUE;
      00028E AE F4 00         [ 2]  654 	ldw	x, #0xf400
      000291 1F 03            [ 2]  655 	ldw	(0x03, sp), x
      000293 90 AE 00 01      [ 2]  656 	ldw	y, #0x0001
      000297 20 09            [ 2]  657 	jra	00106$
      000299                        658 00102$:
                                    659 ;	core/source/stm8s_clk.c: 591: clockfrequency = HSE_VALUE;
      000299 AE 24 00         [ 2]  660 	ldw	x, #0x2400
      00029C 1F 03            [ 2]  661 	ldw	(0x03, sp), x
      00029E 90 AE 00 F4      [ 2]  662 	ldw	y, #0x00f4
      0002A2                        663 00106$:
                                    664 ;	core/source/stm8s_clk.c: 594: return((uint32_t)clockfrequency);
      0002A2 1E 03            [ 2]  665 	ldw	x, (0x03, sp)
                                    666 ;	core/source/stm8s_clk.c: 595: }
      0002A4 5B 04            [ 2]  667 	addw	sp, #4
      0002A6 81               [ 4]  668 	ret
                                    669 ;	core/source/stm8s_clk.c: 604: void CLK_AdjustHSICalibrationValue(CLK_HSITrimValue_TypeDef CLK_HSICalibrationValue)
                                    670 ;	-----------------------------------------
                                    671 ;	 function CLK_AdjustHSICalibrationValue
                                    672 ;	-----------------------------------------
      0002A7                        673 _CLK_AdjustHSICalibrationValue:
                                    674 ;	core/source/stm8s_clk.c: 610: CLK->HSITRIMR = (uint8_t)( (uint8_t)(CLK->HSITRIMR & (uint8_t)(~CLK_HSITRIMR_HSITRIM))|((uint8_t)CLK_HSICalibrationValue));
      0002A7 C6 50 CC         [ 1]  675 	ld	a, 0x50cc
      0002AA A4 F8            [ 1]  676 	and	a, #0xf8
      0002AC 1A 03            [ 1]  677 	or	a, (0x03, sp)
      0002AE C7 50 CC         [ 1]  678 	ld	0x50cc, a
                                    679 ;	core/source/stm8s_clk.c: 611: }
      0002B1 81               [ 4]  680 	ret
                                    681 ;	core/source/stm8s_clk.c: 622: void CLK_SYSCLKEmergencyClear(void)
                                    682 ;	-----------------------------------------
                                    683 ;	 function CLK_SYSCLKEmergencyClear
                                    684 ;	-----------------------------------------
      0002B2                        685 _CLK_SYSCLKEmergencyClear:
                                    686 ;	core/source/stm8s_clk.c: 624: CLK->SWCR &= (uint8_t)(~CLK_SWCR_SWBSY);
      0002B2 72 11 50 C5      [ 1]  687 	bres	20677, #0
                                    688 ;	core/source/stm8s_clk.c: 625: }
      0002B6 81               [ 4]  689 	ret
                                    690 ;	core/source/stm8s_clk.c: 634: FlagStatus CLK_GetFlagStatus(CLK_Flag_TypeDef CLK_FLAG)
                                    691 ;	-----------------------------------------
                                    692 ;	 function CLK_GetFlagStatus
                                    693 ;	-----------------------------------------
      0002B7                        694 _CLK_GetFlagStatus:
      0002B7 52 02            [ 2]  695 	sub	sp, #2
                                    696 ;	core/source/stm8s_clk.c: 644: statusreg = (uint16_t)((uint16_t)CLK_FLAG & (uint16_t)0xFF00);
      0002B9 1E 05            [ 2]  697 	ldw	x, (0x05, sp)
      0002BB 4F               [ 1]  698 	clr	a
      0002BC 97               [ 1]  699 	ld	xl, a
                                    700 ;	core/source/stm8s_clk.c: 647: if (statusreg == 0x0100) /* The flag to check is in ICKRregister */
      0002BD 1F 01            [ 2]  701 	ldw	(0x01, sp), x
      0002BF A3 01 00         [ 2]  702 	cpw	x, #0x0100
      0002C2 26 05            [ 1]  703 	jrne	00111$
                                    704 ;	core/source/stm8s_clk.c: 649: tmpreg = CLK->ICKR;
      0002C4 C6 50 C0         [ 1]  705 	ld	a, 0x50c0
      0002C7 20 27            [ 2]  706 	jra	00112$
      0002C9                        707 00111$:
                                    708 ;	core/source/stm8s_clk.c: 651: else if (statusreg == 0x0200) /* The flag to check is in ECKRregister */
      0002C9 1E 01            [ 2]  709 	ldw	x, (0x01, sp)
      0002CB A3 02 00         [ 2]  710 	cpw	x, #0x0200
      0002CE 26 05            [ 1]  711 	jrne	00108$
                                    712 ;	core/source/stm8s_clk.c: 653: tmpreg = CLK->ECKR;
      0002D0 C6 50 C1         [ 1]  713 	ld	a, 0x50c1
      0002D3 20 1B            [ 2]  714 	jra	00112$
      0002D5                        715 00108$:
                                    716 ;	core/source/stm8s_clk.c: 655: else if (statusreg == 0x0300) /* The flag to check is in SWIC register */
      0002D5 1E 01            [ 2]  717 	ldw	x, (0x01, sp)
      0002D7 A3 03 00         [ 2]  718 	cpw	x, #0x0300
      0002DA 26 05            [ 1]  719 	jrne	00105$
                                    720 ;	core/source/stm8s_clk.c: 657: tmpreg = CLK->SWCR;
      0002DC C6 50 C5         [ 1]  721 	ld	a, 0x50c5
      0002DF 20 0F            [ 2]  722 	jra	00112$
      0002E1                        723 00105$:
                                    724 ;	core/source/stm8s_clk.c: 659: else if (statusreg == 0x0400) /* The flag to check is in CSS register */
      0002E1 1E 01            [ 2]  725 	ldw	x, (0x01, sp)
      0002E3 A3 04 00         [ 2]  726 	cpw	x, #0x0400
      0002E6 26 05            [ 1]  727 	jrne	00102$
                                    728 ;	core/source/stm8s_clk.c: 661: tmpreg = CLK->CSSR;
      0002E8 C6 50 C8         [ 1]  729 	ld	a, 0x50c8
      0002EB 20 03            [ 2]  730 	jra	00112$
      0002ED                        731 00102$:
                                    732 ;	core/source/stm8s_clk.c: 665: tmpreg = CLK->CCOR;
      0002ED C6 50 C9         [ 1]  733 	ld	a, 0x50c9
      0002F0                        734 00112$:
                                    735 ;	core/source/stm8s_clk.c: 668: if ((tmpreg & (uint8_t)CLK_FLAG) != (uint8_t)RESET)
      0002F0 88               [ 1]  736 	push	a
      0002F1 7B 07            [ 1]  737 	ld	a, (0x07, sp)
      0002F3 6B 03            [ 1]  738 	ld	(0x03, sp), a
      0002F5 84               [ 1]  739 	pop	a
      0002F6 14 02            [ 1]  740 	and	a, (0x02, sp)
      0002F8 27 03            [ 1]  741 	jreq	00114$
                                    742 ;	core/source/stm8s_clk.c: 670: bitstatus = SET;
      0002FA A6 01            [ 1]  743 	ld	a, #0x01
                                    744 ;	core/source/stm8s_clk.c: 674: bitstatus = RESET;
      0002FC 21                     745 	.byte 0x21
      0002FD                        746 00114$:
      0002FD 4F               [ 1]  747 	clr	a
      0002FE                        748 00115$:
                                    749 ;	core/source/stm8s_clk.c: 678: return((FlagStatus)bitstatus);
                                    750 ;	core/source/stm8s_clk.c: 679: }
      0002FE 5B 02            [ 2]  751 	addw	sp, #2
      000300 81               [ 4]  752 	ret
                                    753 ;	core/source/stm8s_clk.c: 687: ITStatus CLK_GetITStatus(CLK_IT_TypeDef CLK_IT)
                                    754 ;	-----------------------------------------
                                    755 ;	 function CLK_GetITStatus
                                    756 ;	-----------------------------------------
      000301                        757 _CLK_GetITStatus:
                                    758 ;	core/source/stm8s_clk.c: 694: if (CLK_IT == CLK_IT_SWIF)
      000301 7B 03            [ 1]  759 	ld	a, (0x03, sp)
      000303 A1 1C            [ 1]  760 	cp	a, #0x1c
      000305 26 0D            [ 1]  761 	jrne	00108$
                                    762 ;	core/source/stm8s_clk.c: 697: if ((CLK->SWCR & (uint8_t)CLK_IT) == (uint8_t)0x0C)
      000307 C6 50 C5         [ 1]  763 	ld	a, 0x50c5
      00030A 14 03            [ 1]  764 	and	a, (0x03, sp)
                                    765 ;	core/source/stm8s_clk.c: 699: bitstatus = SET;
      00030C A0 0C            [ 1]  766 	sub	a, #0x0c
      00030E 26 02            [ 1]  767 	jrne	00102$
      000310 4C               [ 1]  768 	inc	a
      000311 81               [ 4]  769 	ret
      000312                        770 00102$:
                                    771 ;	core/source/stm8s_clk.c: 703: bitstatus = RESET;
      000312 4F               [ 1]  772 	clr	a
      000313 81               [ 4]  773 	ret
      000314                        774 00108$:
                                    775 ;	core/source/stm8s_clk.c: 709: if ((CLK->CSSR & (uint8_t)CLK_IT) == (uint8_t)0x0C)
      000314 C6 50 C8         [ 1]  776 	ld	a, 0x50c8
      000317 14 03            [ 1]  777 	and	a, (0x03, sp)
                                    778 ;	core/source/stm8s_clk.c: 711: bitstatus = SET;
      000319 A0 0C            [ 1]  779 	sub	a, #0x0c
      00031B 26 02            [ 1]  780 	jrne	00105$
      00031D 4C               [ 1]  781 	inc	a
      00031E 81               [ 4]  782 	ret
      00031F                        783 00105$:
                                    784 ;	core/source/stm8s_clk.c: 715: bitstatus = RESET;
      00031F 4F               [ 1]  785 	clr	a
                                    786 ;	core/source/stm8s_clk.c: 720: return bitstatus;
                                    787 ;	core/source/stm8s_clk.c: 721: }
      000320 81               [ 4]  788 	ret
                                    789 ;	core/source/stm8s_clk.c: 729: void CLK_ClearITPendingBit(CLK_IT_TypeDef CLK_IT)
                                    790 ;	-----------------------------------------
                                    791 ;	 function CLK_ClearITPendingBit
                                    792 ;	-----------------------------------------
      000321                        793 _CLK_ClearITPendingBit:
                                    794 ;	core/source/stm8s_clk.c: 734: if (CLK_IT == (uint8_t)CLK_IT_CSSD)
      000321 7B 03            [ 1]  795 	ld	a, (0x03, sp)
      000323 A1 0C            [ 1]  796 	cp	a, #0x0c
      000325 26 05            [ 1]  797 	jrne	00102$
                                    798 ;	core/source/stm8s_clk.c: 737: CLK->CSSR &= (uint8_t)(~CLK_CSSR_CSSD);
      000327 72 17 50 C8      [ 1]  799 	bres	20680, #3
      00032B 81               [ 4]  800 	ret
      00032C                        801 00102$:
                                    802 ;	core/source/stm8s_clk.c: 742: CLK->SWCR &= (uint8_t)(~CLK_SWCR_SWIF);
      00032C 72 17 50 C5      [ 1]  803 	bres	20677, #3
                                    804 ;	core/source/stm8s_clk.c: 745: }
      000330 81               [ 4]  805 	ret
                                    806 	.area CODE
                                    807 	.area CONST
      000000                        808 _HSIDivFactor:
      000000 01                     809 	.db #0x01	; 1
      000001 02                     810 	.db #0x02	; 2
      000002 04                     811 	.db #0x04	; 4
      000003 08                     812 	.db #0x08	; 8
      000004                        813 _CLKPrescTable:
      000004 01                     814 	.db #0x01	; 1
      000005 02                     815 	.db #0x02	; 2
      000006 04                     816 	.db #0x04	; 4
      000007 08                     817 	.db #0x08	; 8
      000008 0A                     818 	.db #0x0a	; 10
      000009 10                     819 	.db #0x10	; 16
      00000A 14                     820 	.db #0x14	; 20
      00000B 28                     821 	.db #0x28	; 40
                                    822 	.area INITIALIZER
                                    823 	.area CABS (ABS)
